# JRE version: OpenJDK Runtime Environment Temurin-21.0.7+6 (21.0.7+6) (build 21.0.7+6-LTS)
# Java VM: OpenJDK 64-Bit Server VM Temurin-21.0.7+6 (21.0.7+6-LTS, mixed mode, sharing, tiered, compressed oops, compressed class ptrs, parallel gc, windows-amd64)
GC Precious Log:
 CardTable entry size: 512
 CPUs: 4 total, 4 available
 Memory: 32542M
 Large Page Support: Disabled
 NUMA Support: Disabled
 Compressed Oops: Enabled (32-bit)
 Alignments: Space 512K, Generation 512K, Heap 2M
 Heap Min Capacity: 100M
 Heap Initial Capacity: 100M
 Heap Max Capacity: 1G
 Pre-touch: Disabled
 Parallel Workers: 4
Heap:
 PSYoungGen      total 8192K, used 7928K [0x00000000eab00000, 0x00000000eb580000, 0x0000000100000000)
  eden space 5632K, 100% used [0x00000000eab00000,0x00000000eb080000,0x00000000eb080000)
  from space 2560K, 89% used [0x00000000eb080000,0x00000000eb2be230,0x00000000eb300000)
  to   space 2560K, 0% used [0x00000000eb300000,0x00000000eb300000,0x00000000eb580000)
 ParOldGen       total 699392K, used 698964K [0x00000000c0000000, 0x00000000eab00000, 0x00000000eab00000)
  object space 699392K, 99% used [0x00000000c0000000,0x00000000eaa95308,0x00000000eab00000)
 Metaspace       used 64556K, committed 66176K, reserved 1114112K
  class space    used 6587K, committed 7296K, reserved 1048576K
GC Heap History (20 events):
Event: 75.235 GC heap after
{Heap after GC invocations=1423 (full 4):
 PSYoungGen      total 6656K, used 1352K [0x00000000eab00000, 0x00000000eb380000, 0x0000000100000000)
  eden space 4608K, 0% used [0x00000000eab00000,0x00000000eab00000,0x00000000eaf80000)
  from space 2048K, 66% used [0x00000000eb180000,0x00000000eb2d20f8,0x00000000eb380000)
  to   space 2048K, 0% used [0x00000000eaf80000,0x00000000eaf80000,0x00000000eb180000)
 ParOldGen       total 682496K, used 682056K [0x00000000c0000000, 0x00000000e9a80000, 0x00000000eab00000)
  object space 682496K, 99% used [0x00000000c0000000,0x00000000e9a121c8,0x00000000e9a80000)
 Metaspace       used 64556K, committed 66176K, reserved 1114112K
  class space    used 6587K, committed 7296K, reserved 1048576K
}
Event: 75.249 GC heap before
{Heap before GC invocations=1424 (full 4):
 PSYoungGen      total 6656K, used 5960K [0x00000000eab00000, 0x00000000eb380000, 0x0000000100000000)
  eden space 4608K, 100% used [0x00000000eab00000,0x00000000eaf80000,0x00000000eaf80000)
  from space 2048K, 66% used [0x00000000eb180000,0x00000000eb2d20f8,0x00000000eb380000)
  to   space 2048K, 0% used [0x00000000eaf80000,0x00000000eaf80000,0x00000000eb180000)
 ParOldGen       total 682496K, used 682056K [0x00000000c0000000, 0x00000000e9a80000, 0x00000000eab00000)
  object space 682496K, 99% used [0x00000000c0000000,0x00000000e9a121c8,0x00000000e9a80000)
 Metaspace       used 64556K, committed 66176K, reserved 1114112K
  class space    used 6587K, committed 7296K, reserved 1048576K
}
Event: 75.252 GC heap after
{Heap after GC invocations=1424 (full 4):
 PSYoungGen      total 6656K, used 1497K [0x00000000eab00000, 0x00000000eb380000, 0x0000000100000000)
  eden space 4608K, 0% used [0x00000000eab00000,0x00000000eab00000,0x00000000eaf80000)
  from space 2048K, 73% used [0x00000000eaf80000,0x00000000eb0f6640,0x00000000eb180000)
  to   space 1536K, 0% used [0x00000000eb200000,0x00000000eb200000,0x00000000eb380000)
 ParOldGen       total 683520K, used 683322K [0x00000000c0000000, 0x00000000e9b80000, 0x00000000eab00000)
  object space 683520K, 99% used [0x00000000c0000000,0x00000000e9b4ea70,0x00000000e9b80000)
 Metaspace       used 64556K, committed 66176K, reserved 1114112K
  class space    used 6587K, committed 7296K, reserved 1048576K
}
Event: 75.262 GC heap before
{Heap before GC invocations=1425 (full 4):
 PSYoungGen      total 6656K, used 6105K [0x00000000eab00000, 0x00000000eb380000, 0x0000000100000000)
  eden space 4608K, 100% used [0x00000000eab00000,0x00000000eaf80000,0x00000000eaf80000)
  from space 2048K, 73% used [0x00000000eaf80000,0x00000000eb0f6640,0x00000000eb180000)
  to   space 1536K, 0% used [0x00000000eb200000,0x00000000eb200000,0x00000000eb380000)
 ParOldGen       total 683520K, used 683322K [0x00000000c0000000, 0x00000000e9b80000, 0x00000000eab00000)
  object space 683520K, 99% used [0x00000000c0000000,0x00000000e9b4ea70,0x00000000e9b80000)
 Metaspace       used 64556K, committed 66176K, reserved 1114112K
  class space    used 6587K, committed 7296K, reserved 1048576K
}
Event: 75.264 GC heap after
{Heap after GC invocations=1425 (full 4):
 PSYoungGen      total 6656K, used 1530K [0x00000000eab00000, 0x00000000eb480000, 0x0000000100000000)
  eden space 5120K, 0% used [0x00000000eab00000,0x00000000eab00000,0x00000000eb000000)
  from space 1536K, 99% used [0x00000000eb200000,0x00000000eb37e830,0x00000000eb380000)
  to   space 2048K, 0% used [0x00000000eb000000,0x00000000eb000000,0x00000000eb200000)
 ParOldGen       total 685056K, used 684752K [0x00000000c0000000, 0x00000000e9d00000, 0x00000000eab00000)
  object space 685056K, 99% used [0x00000000c0000000,0x00000000e9cb4008,0x00000000e9d00000)
 Metaspace       used 64556K, committed 66176K, reserved 1114112K
  class space    used 6587K, committed 7296K, reserved 1048576K
}
Event: 75.272 GC heap before
{Heap before GC invocations=1426 (full 4):
 PSYoungGen      total 6656K, used 6650K [0x00000000eab00000, 0x00000000eb480000, 0x0000000100000000)
  eden space 5120K, 100% used [0x00000000eab00000,0x00000000eb000000,0x00000000eb000000)
  from space 1536K, 99% used [0x00000000eb200000,0x00000000eb37e830,0x00000000eb380000)
  to   space 2048K, 0% used [0x00000000eb000000,0x00000000eb000000,0x00000000eb200000)
 ParOldGen       total 685056K, used 684752K [0x00000000c0000000, 0x00000000e9d00000, 0x00000000eab00000)
  object space 685056K, 99% used [0x00000000c0000000,0x00000000e9cb4008,0x00000000e9d00000)
 Metaspace       used 64556K, committed 66176K, reserved 1114112K
  class space    used 6587K, committed 7296K, reserved 1048576K
}
Event: 75.274 GC heap after
{Heap after GC invocations=1426 (full 4):
 PSYoungGen      total 7168K, used 1732K [0x00000000eab00000, 0x00000000eb500000, 0x0000000100000000)
  eden space 5120K, 0% used [0x00000000eab00000,0x00000000eab00000,0x00000000eb000000)
  from space 2048K, 84% used [0x00000000eb000000,0x00000000eb1b1158,0x00000000eb200000)
  to   space 2048K, 0% used [0x00000000eb300000,0x00000000eb300000,0x00000000eb500000)
 ParOldGen       total 686592K, used 686142K [0x00000000c0000000, 0x00000000e9e80000, 0x00000000eab00000)
  object space 686592K, 99% used [0x00000000c0000000,0x00000000e9e0fab0,0x00000000e9e80000)
 Metaspace       used 64556K, committed 66176K, reserved 1114112K
  class space    used 6587K, committed 7296K, reserved 1048576K
}
Event: 75.292 GC heap before
{Heap before GC invocations=1427 (full 4):
 PSYoungGen      total 7168K, used 6754K [0x00000000eab00000, 0x00000000eb500000, 0x0000000100000000)
  eden space 5120K, 98% used [0x00000000eab00000,0x00000000eafe77b0,0x00000000eb000000)
  from space 2048K, 84% used [0x00000000eb000000,0x00000000eb1b1158,0x00000000eb200000)
  to   space 2048K, 0% used [0x00000000eb300000,0x00000000eb300000,0x00000000eb500000)
 ParOldGen       total 686592K, used 686142K [0x00000000c0000000, 0x00000000e9e80000, 0x00000000eab00000)
  object space 686592K, 99% used [0x00000000c0000000,0x00000000e9e0fab0,0x00000000e9e80000)
 Metaspace       used 64556K, committed 66176K, reserved 1114112K
  class space    used 6587K, committed 7296K, reserved 1048576K
}
Event: 75.296 GC heap after
{Heap after GC invocations=1427 (full 4):
 PSYoungGen      total 8192K, used 1907K [0x00000000eab00000, 0x00000000eb500000, 0x0000000100000000)
  eden space 6144K, 0% used [0x00000000eab00000,0x00000000eab00000,0x00000000eb100000)
  from space 2048K, 93% used [0x00000000eb300000,0x00000000eb4dcfb8,0x00000000eb500000)
  to   space 2048K, 0% used [0x00000000eb100000,0x00000000eb100000,0x00000000eb300000)
 ParOldGen       total 688128K, used 687774K [0x00000000c0000000, 0x00000000ea000000, 0x00000000eab00000)
  object space 688128K, 99% used [0x00000000c0000000,0x00000000e9fa78b8,0x00000000ea000000)
 Metaspace       used 64556K, committed 66176K, reserved 1114112K
  class space    used 6587K, committed 7296K, reserved 1048576K
}
Event: 75.343 GC heap before
{Heap before GC invocations=1428 (full 4):
 PSYoungGen      total 8192K, used 8051K [0x00000000eab00000, 0x00000000eb500000, 0x0000000100000000)
  eden space 6144K, 100% used [0x00000000eab00000,0x00000000eb100000,0x00000000eb100000)
  from space 2048K, 93% used [0x00000000eb300000,0x00000000eb4dcfb8,0x00000000eb500000)
  to   space 2048K, 0% used [0x00000000eb100000,0x00000000eb100000,0x00000000eb300000)
 ParOldGen       total 688128K, used 687774K [0x00000000c0000000, 0x00000000ea000000, 0x00000000eab00000)
  object space 688128K, 99% used [0x00000000c0000000,0x00000000e9fa78b8,0x00000000ea000000)
 Metaspace       used 64556K, committed 66176K, reserved 1114112K
  class space    used 6587K, committed 7296K, reserved 1048576K
}
Event: 75.347 GC heap after
{Heap after GC invocations=1428 (full 4):
 PSYoungGen      total 8192K, used 2041K [0x00000000eab00000, 0x00000000eb600000, 0x0000000100000000)
  eden space 6144K, 0% used [0x00000000eab00000,0x00000000eab00000,0x00000000eb100000)
  from space 2048K, 99% used [0x00000000eb100000,0x00000000eb2fe6f8,0x00000000eb300000)
  to   space 2560K, 0% used [0x00000000eb380000,0x00000000eb380000,0x00000000eb600000)
 ParOldGen       total 690176K, used 689962K [0x00000000c0000000, 0x00000000ea200000, 0x00000000eab00000)
  object space 690176K, 99% used [0x00000000c0000000,0x00000000ea1cabe0,0x00000000ea200000)
 Metaspace       used 64556K, committed 66176K, reserved 1114112K
  class space    used 6587K, committed 7296K, reserved 1048576K
}
Event: 75.367 GC heap before
{Heap before GC invocations=1429 (full 4):
 PSYoungGen      total 8192K, used 8185K [0x00000000eab00000, 0x00000000eb600000, 0x0000000100000000)
  eden space 6144K, 100% used [0x00000000eab00000,0x00000000eb100000,0x00000000eb100000)
  from space 2048K, 99% used [0x00000000eb100000,0x00000000eb2fe6f8,0x00000000eb300000)
  to   space 2560K, 0% used [0x00000000eb380000,0x00000000eb380000,0x00000000eb600000)
 ParOldGen       total 690176K, used 689962K [0x00000000c0000000, 0x00000000ea200000, 0x00000000eab00000)
  object space 690176K, 99% used [0x00000000c0000000,0x00000000ea1cabe0,0x00000000ea200000)
 Metaspace       used 64556K, committed 66176K, reserved 1114112K
  class space    used 6587K, committed 7296K, reserved 1048576K
}
Event: 75.373 GC heap after
{Heap after GC invocations=1429 (full 4):
 PSYoungGen      total 8704K, used 2385K [0x00000000eab00000, 0x00000000eb600000, 0x0000000100000000)
  eden space 6144K, 0% used [0x00000000eab00000,0x00000000eab00000,0x00000000eb100000)
  from space 2560K, 93% used [0x00000000eb380000,0x00000000eb5d44e8,0x00000000eb600000)
  to   space 2560K, 0% used [0x00000000eb100000,0x00000000eb100000,0x00000000eb380000)
 ParOldGen       total 692224K, used 691964K [0x00000000c0000000, 0x00000000ea400000, 0x00000000eab00000)
  object space 692224K, 99% used [0x00000000c0000000,0x00000000ea3bf328,0x00000000ea400000)
 Metaspace       used 64556K, committed 66176K, reserved 1114112K
  class space    used 6587K, committed 7296K, reserved 1048576K
}
Event: 75.386 GC heap before
{Heap before GC invocations=1430 (full 4):
 PSYoungGen      total 8704K, used 8483K [0x00000000eab00000, 0x00000000eb600000, 0x0000000100000000)
  eden space 6144K, 99% used [0x00000000eab00000,0x00000000eb0f4960,0x00000000eb100000)
  from space 2560K, 93% used [0x00000000eb380000,0x00000000eb5d44e8,0x00000000eb600000)
  to   space 2560K, 0% used [0x00000000eb100000,0x00000000eb100000,0x00000000eb380000)
 ParOldGen       total 692224K, used 691964K [0x00000000c0000000, 0x00000000ea400000, 0x00000000eab00000)
  object space 692224K, 99% used [0x00000000c0000000,0x00000000ea3bf328,0x00000000ea400000)
 Metaspace       used 64556K, committed 66176K, reserved 1114112K
  class space    used 6587K, committed 7296K, reserved 1048576K
}
Event: 75.390 GC heap after
{Heap after GC invocations=1430 (full 4):
 PSYoungGen      total 8704K, used 2369K [0x00000000eab00000, 0x00000000eb600000, 0x0000000100000000)
  eden space 6144K, 0% used [0x00000000eab00000,0x00000000eab00000,0x00000000eb100000)
  from space 2560K, 92% used [0x00000000eb100000,0x00000000eb350480,0x00000000eb380000)
  to   space 2560K, 0% used [0x00000000eb380000,0x00000000eb380000,0x00000000eb600000)
 ParOldGen       total 694272K, used 694234K [0x00000000c0000000, 0x00000000ea600000, 0x00000000eab00000)
  object space 694272K, 99% used [0x00000000c0000000,0x00000000ea5f69c8,0x00000000ea600000)
 Metaspace       used 64556K, committed 66176K, reserved 1114112K
  class space    used 6587K, committed 7296K, reserved 1048576K
}
Event: 75.403 GC heap before
{Heap before GC invocations=1431 (full 4):
 PSYoungGen      total 8704K, used 8513K [0x00000000eab00000, 0x00000000eb600000, 0x0000000100000000)
  eden space 6144K, 100% used [0x00000000eab00000,0x00000000eb100000,0x00000000eb100000)
  from space 2560K, 92% used [0x00000000eb100000,0x00000000eb350480,0x00000000eb380000)
  to   space 2560K, 0% used [0x00000000eb380000,0x00000000eb380000,0x00000000eb600000)
 ParOldGen       total 694272K, used 694234K [0x00000000c0000000, 0x00000000ea600000, 0x00000000eab00000)
  object space 694272K, 99% used [0x00000000c0000000,0x00000000ea5f69c8,0x00000000ea600000)
 Metaspace       used 64556K, committed 66176K, reserved 1114112K
  class space    used 6587K, committed 7296K, reserved 1048576K
}
Event: 75.407 GC heap after
{Heap after GC invocations=1431 (full 4):
 PSYoungGen      total 8192K, used 2553K [0x00000000eab00000, 0x00000000eb880000, 0x0000000100000000)
  eden space 5632K, 0% used [0x00000000eab00000,0x00000000eab00000,0x00000000eb080000)
  from space 2560K, 99% used [0x00000000eb380000,0x00000000eb5fe420,0x00000000eb600000)
  to   space 3072K, 0% used [0x00000000eb080000,0x00000000eb080000,0x00000000eb380000)
 ParOldGen       total 696832K, used 696458K [0x00000000c0000000, 0x00000000ea880000, 0x00000000eab00000)
  object space 696832K, 99% used [0x00000000c0000000,0x00000000ea822950,0x00000000ea880000)
 Metaspace       used 64556K, committed 66176K, reserved 1114112K
  class space    used 6587K, committed 7296K, reserved 1048576K
}
Event: 75.442 GC heap before
{Heap before GC invocations=1432 (full 4):
 PSYoungGen      total 8192K, used 8149K [0x00000000eab00000, 0x00000000eb880000, 0x0000000100000000)
  eden space 5632K, 99% used [0x00000000eab00000,0x00000000eb077118,0x00000000eb080000)
  from space 2560K, 99% used [0x00000000eb380000,0x00000000eb5fe420,0x00000000eb600000)
  to   space 3072K, 0% used [0x00000000eb080000,0x00000000eb080000,0x00000000eb380000)
 ParOldGen       total 696832K, used 696458K [0x00000000c0000000, 0x00000000ea880000, 0x00000000eab00000)
  object space 696832K, 99% used [0x00000000c0000000,0x00000000ea822950,0x00000000ea880000)
 Metaspace       used 64556K, committed 66176K, reserved 1114112K
  class space    used 6587K, committed 7296K, reserved 1048576K
}
Event: 75.445 GC heap after
{Heap after GC invocations=1432 (full 4):
 PSYoungGen      total 8192K, used 2296K [0x00000000eab00000, 0x00000000eb580000, 0x0000000100000000)
  eden space 5632K, 0% used [0x00000000eab00000,0x00000000eab00000,0x00000000eb080000)
  from space 2560K, 89% used [0x00000000eb080000,0x00000000eb2be230,0x00000000eb300000)
  to   space 2560K, 0% used [0x00000000eb300000,0x00000000eb300000,0x00000000eb580000)
 ParOldGen       total 699392K, used 698964K [0x00000000c0000000, 0x00000000eab00000, 0x00000000eab00000)
  object space 699392K, 99% used [0x00000000c0000000,0x00000000eaa95308,0x00000000eab00000)
 Metaspace       used 64556K, committed 66176K, reserved 1114112K
  class space    used 6587K, committed 7296K, reserved 1048576K
}
Event: 75.455 GC heap before
{Heap before GC invocations=1433 (full 5):
 PSYoungGen      total 8192K, used 7928K [0x00000000eab00000, 0x00000000eb580000, 0x0000000100000000)
  eden space 5632K, 100% used [0x00000000eab00000,0x00000000eb080000,0x00000000eb080000)
  from space 2560K, 89% used [0x00000000eb080000,0x00000000eb2be230,0x00000000eb300000)
  to   space 2560K, 0% used [0x00000000eb300000,0x00000000eb300000,0x00000000eb580000)
 ParOldGen       total 699392K, used 698964K [0x00000000c0000000, 0x00000000eab00000, 0x00000000eab00000)
  object space 699392K, 99% used [0x00000000c0000000,0x00000000eaa95308,0x00000000eab00000)
 Metaspace       used 64556K, committed 66176K, reserved 1114112K
  class space    used 6587K, committed 7296K, reserved 1048576K
}

